2020-01-25T12:59:04+00:00 INFO (✓) Updated flow steps post meta key 'wcf-steps' [{"id":11361,"title":"Landing Page","type":"landing"}]
2020-01-25T12:59:04+00:00 INFO (✓) Updated flow steps post meta key 'wcf-steps' [{"id":11361,"title":"Landing Page","type":"landing"},{"id":11362,"title":"Checkout Page","type":"checkout"}]
2020-01-25T12:59:04+00:00 INFO (✓) Updated flow steps post meta key 'wcf-steps' [{"id":11361,"title":"Landing Page","type":"landing"},{"id":11362,"title":"Checkout Page","type":"checkout"},{"id":11363,"title":"EBook Upsell","type":"upsell"}]
2020-01-25T12:59:04+00:00 INFO (✓) Updated flow steps post meta key 'wcf-steps' [{"id":11361,"title":"Landing Page","type":"landing"},{"id":11362,"title":"Checkout Page","type":"checkout"},{"id":11363,"title":"EBook Upsell","type":"upsell"},{"id":11364,"title":"EBook Downsell","type":"downsell"}]
2020-01-25T12:59:04+00:00 INFO (✓) Updated flow steps post meta key 'wcf-steps' [{"id":11361,"title":"Landing Page","type":"landing"},{"id":11362,"title":"Checkout Page","type":"checkout"},{"id":11363,"title":"EBook Upsell","type":"upsell"},{"id":11364,"title":"EBook Downsell","type":"downsell"},{"id":11365,"title":"Thank You Page","type":"thankyou"}]
2020-01-25T12:59:21+00:00 INFO (✓) Updated flow steps post meta key 'wcf-steps' [{"id":11367,"title":"Landing Page","type":"landing"}]
2020-01-25T12:59:22+00:00 INFO (✓) Updated flow steps post meta key 'wcf-steps' [{"id":11367,"title":"Landing Page","type":"landing"},{"id":11368,"title":"Checkout Page","type":"checkout"}]
2020-01-25T12:59:23+00:00 INFO (✓) Updated flow steps post meta key 'wcf-steps' [{"id":11367,"title":"Landing Page","type":"landing"},{"id":11368,"title":"Checkout Page","type":"checkout"},{"id":11369,"title":"Protein Supplement Upsell","type":"upsell"}]
2020-01-25T12:59:23+00:00 INFO (✓) Updated flow steps post meta key 'wcf-steps' [{"id":11367,"title":"Landing Page","type":"landing"},{"id":11368,"title":"Checkout Page","type":"checkout"},{"id":11369,"title":"Protein Supplement Upsell","type":"upsell"},{"id":11370,"title":"Thank You Page","type":"thankyou"}]
2020-01-25T12:59:38+00:00 INFO (✓) Updated flow steps post meta key 'wcf-steps' [{"id":11372,"title":"Landing Page","type":"landing"}]
2020-01-25T12:59:41+00:00 INFO (✓) Updated flow steps post meta key 'wcf-steps' [{"id":11372,"title":"Landing Page","type":"landing"},{"id":11373,"title":"Checkout Page","type":"checkout"}]
2020-01-25T12:59:41+00:00 INFO (✓) Updated flow steps post meta key 'wcf-steps' [{"id":11372,"title":"Landing Page","type":"landing"},{"id":11373,"title":"Checkout Page","type":"checkout"},{"id":11374,"title":"Upsell","type":"upsell"}]
2020-01-25T12:59:42+00:00 INFO (✓) Updated flow steps post meta key 'wcf-steps' [{"id":11372,"title":"Landing Page","type":"landing"},{"id":11373,"title":"Checkout Page","type":"checkout"},{"id":11374,"title":"Upsell","type":"upsell"},{"id":11375,"title":"Downsell","type":"downsell"}]
2020-01-25T12:59:43+00:00 INFO (✓) Updated flow steps post meta key 'wcf-steps' [{"id":11372,"title":"Landing Page","type":"landing"},{"id":11373,"title":"Checkout Page","type":"checkout"},{"id":11374,"title":"Upsell","type":"upsell"},{"id":11375,"title":"Downsell","type":"downsell"},{"id":11376,"title":"Thank You Page","type":"thankyou"}]
2020-01-25T12:59:55+00:00 INFO (✓) Updated flow steps post meta key 'wcf-steps' [{"id":11378,"title":"Landing Page","type":"landing"}]
2020-01-25T12:59:56+00:00 INFO (✓) Updated flow steps post meta key 'wcf-steps' [{"id":11378,"title":"Landing Page","type":"landing"},{"id":11379,"title":"Checkout Page","type":"checkout"}]
2020-01-25T12:59:56+00:00 INFO (✓) Updated flow steps post meta key 'wcf-steps' [{"id":11378,"title":"Landing Page","type":"landing"},{"id":11379,"title":"Checkout Page","type":"checkout"},{"id":11380,"title":"Upsell","type":"upsell"}]
2020-01-25T12:59:56+00:00 INFO (✓) Updated flow steps post meta key 'wcf-steps' [{"id":11378,"title":"Landing Page","type":"landing"},{"id":11379,"title":"Checkout Page","type":"checkout"},{"id":11380,"title":"Upsell","type":"upsell"},{"id":11381,"title":"Thank You Page","type":"thankyou"}]
2020-01-25T13:00:08+00:00 INFO (✓) Updated flow steps post meta key 'wcf-steps' [{"id":11383,"title":"Landing Page","type":"landing"}]
2020-01-25T13:00:08+00:00 INFO (✓) Updated flow steps post meta key 'wcf-steps' [{"id":11383,"title":"Landing Page","type":"landing"},{"id":11384,"title":"Checkout Page","type":"checkout"}]
2020-01-25T13:00:08+00:00 INFO (✓) Updated flow steps post meta key 'wcf-steps' [{"id":11383,"title":"Landing Page","type":"landing"},{"id":11384,"title":"Checkout Page","type":"checkout"},{"id":11385,"title":"Upsell","type":"upsell"}]
2020-01-25T13:00:08+00:00 INFO (✓) Updated flow steps post meta key 'wcf-steps' [{"id":11383,"title":"Landing Page","type":"landing"},{"id":11384,"title":"Checkout Page","type":"checkout"},{"id":11385,"title":"Upsell","type":"upsell"},{"id":11386,"title":"Thank You Page","type":"thankyou"}]
2020-01-25T13:00:43+00:00 INFO (✓) Updated flow steps post meta key 'wcf-steps' [{"id":11388,"title":"Weightloss Checkout","type":"checkout"}]
2020-01-25T13:00:44+00:00 INFO (✓) Updated flow steps post meta key 'wcf-steps' [{"id":11388,"title":"Weightloss Checkout","type":"checkout"},{"id":11389,"title":"One Time Offer","type":"upsell"}]
2020-01-25T13:00:45+00:00 INFO (✓) Updated flow steps post meta key 'wcf-steps' [{"id":11388,"title":"Weightloss Checkout","type":"checkout"},{"id":11389,"title":"One Time Offer","type":"upsell"},{"id":11390,"title":"Weightloss Thank You","type":"thankyou"}]
2020-01-25T13:01:06+00:00 INFO (✓) Updated flow steps post meta key 'wcf-steps' [{"id":11392,"title":"Checkout Page","type":"checkout"}]
2020-01-25T13:01:06+00:00 INFO (✓) Updated flow steps post meta key 'wcf-steps' [{"id":11392,"title":"Checkout Page","type":"checkout"},{"id":11393,"title":"Dog Food Upsell Page","type":"upsell"}]
2020-01-25T13:01:07+00:00 INFO (✓) Updated flow steps post meta key 'wcf-steps' [{"id":11392,"title":"Checkout Page","type":"checkout"},{"id":11393,"title":"Dog Food Upsell Page","type":"upsell"},{"id":11394,"title":"Dog Food Downsell","type":"downsell"}]
2020-01-25T13:01:07+00:00 INFO (✓) Updated flow steps post meta key 'wcf-steps' [{"id":11392,"title":"Checkout Page","type":"checkout"},{"id":11393,"title":"Dog Food Upsell Page","type":"upsell"},{"id":11394,"title":"Dog Food Downsell","type":"downsell"},{"id":11395,"title":"Dog Food Thank You Page","type":"thankyou"}]
